{"/Users/feliperohde/Desktop/workspace/s3-proxy/index.js":{"path":"/Users/feliperohde/Desktop/workspace/s3-proxy/index.js","s":{"1":1,"2":1,"3":1,"4":1,"5":1,"6":27,"7":1,"8":26,"9":1,"10":25,"11":25,"12":25,"13":25,"14":16,"15":16,"16":1,"17":15,"18":15,"19":15,"20":15,"21":15,"22":15,"23":15,"24":13,"25":15,"26":7,"27":8,"28":7,"29":7,"30":7,"31":6,"32":1,"33":7,"34":6,"35":1,"36":14,"37":16},"b":{"1":[1,26],"2":[1,25],"3":[1,15],"4":[15,13],"5":[15,2],"6":[15,0],"7":[15,0],"8":[15,0],"9":[13,2],"10":[6,1],"11":[14,2]},"f":{"1":27,"2":16,"3":16},"fnMap":{"1":{"name":"(anonymous_1)","line":7,"loc":{"start":{"line":7,"column":12},"end":{"line":7,"column":39}}},"2":{"name":"(anonymous_2)","line":22,"loc":{"start":{"line":22,"column":7},"end":{"line":22,"column":19}}},"3":{"name":"(anonymous_3)","line":86,"loc":{"start":{"line":86,"column":14},"end":{"line":86,"column":36}}}},"statementMap":{"1":{"start":{"line":1,"column":0},"end":{"line":1,"column":28}},"2":{"start":{"line":2,"column":0},"end":{"line":2,"column":27}},"3":{"start":{"line":3,"column":0},"end":{"line":3,"column":27}},"4":{"start":{"line":4,"column":0},"end":{"line":4,"column":29}},"5":{"start":{"line":6,"column":0},"end":{"line":89,"column":1}},"6":{"start":{"line":8,"column":2},"end":{"line":10,"column":3}},"7":{"start":{"line":9,"column":3},"end":{"line":9,"column":43}},"8":{"start":{"line":12,"column":2},"end":{"line":14,"column":3}},"9":{"start":{"line":13,"column":3},"end":{"line":13,"column":47}},"10":{"start":{"line":16,"column":2},"end":{"line":16,"column":15}},"11":{"start":{"line":17,"column":2},"end":{"line":17,"column":17}},"12":{"start":{"line":18,"column":2},"end":{"line":18,"column":23}},"13":{"start":{"line":19,"column":2},"end":{"line":19,"column":25}},"14":{"start":{"line":23,"column":2},"end":{"line":29,"column":11}},"15":{"start":{"line":31,"column":2},"end":{"line":33,"column":3}},"16":{"start":{"line":32,"column":3},"end":{"line":32,"column":52}},"17":{"start":{"line":35,"column":2},"end":{"line":35,"column":54}},"18":{"start":{"line":36,"column":2},"end":{"line":36,"column":48}},"19":{"start":{"line":37,"column":2},"end":{"line":37,"column":34}},"20":{"start":{"line":38,"column":2},"end":{"line":38,"column":78}},"21":{"start":{"line":39,"column":2},"end":{"line":39,"column":86}},"22":{"start":{"line":41,"column":2},"end":{"line":41,"column":54}},"23":{"start":{"line":43,"column":2},"end":{"line":45,"column":3}},"24":{"start":{"line":44,"column":3},"end":{"line":44,"column":28}},"25":{"start":{"line":47,"column":2},"end":{"line":83,"column":59}},"26":{"start":{"line":54,"column":9},"end":{"line":54,"column":13}},"27":{"start":{"line":56,"column":4},"end":{"line":81,"column":8}},"28":{"start":{"line":61,"column":11},"end":{"line":61,"column":15}},"29":{"start":{"line":63,"column":6},"end":{"line":63,"column":39}},"30":{"start":{"line":65,"column":6},"end":{"line":67,"column":7}},"31":{"start":{"line":66,"column":7},"end":{"line":66,"column":31}},"32":{"start":{"line":69,"column":6},"end":{"line":69,"column":18}},"33":{"start":{"line":72,"column":6},"end":{"line":80,"column":26}},"34":{"start":{"line":79,"column":19},"end":{"line":79,"column":23}},"35":{"start":{"line":80,"column":20},"end":{"line":80,"column":24}},"36":{"start":{"line":83,"column":21},"end":{"line":83,"column":57}},"37":{"start":{"line":87,"column":2},"end":{"line":87,"column":60}}},"branchMap":{"1":{"line":8,"type":"if","locations":[{"start":{"line":8,"column":2},"end":{"line":8,"column":2}},{"start":{"line":8,"column":2},"end":{"line":8,"column":2}}]},"2":{"line":12,"type":"if","locations":[{"start":{"line":12,"column":2},"end":{"line":12,"column":2}},{"start":{"line":12,"column":2},"end":{"line":12,"column":2}}]},"3":{"line":31,"type":"if","locations":[{"start":{"line":31,"column":2},"end":{"line":31,"column":2}},{"start":{"line":31,"column":2},"end":{"line":31,"column":2}}]},"4":{"line":35,"type":"binary-expr","locations":[{"start":{"line":35,"column":19},"end":{"line":35,"column":39}},{"start":{"line":35,"column":43},"end":{"line":35,"column":53}}]},"5":{"line":36,"type":"binary-expr","locations":[{"start":{"line":36,"column":15},"end":{"line":36,"column":17}},{"start":{"line":36,"column":21},"end":{"line":36,"column":47}}]},"6":{"line":38,"type":"cond-expr","locations":[{"start":{"line":38,"column":38},"end":{"line":38,"column":70}},{"start":{"line":38,"column":73},"end":{"line":38,"column":77}}]},"7":{"line":39,"type":"cond-expr","locations":[{"start":{"line":39,"column":34},"end":{"line":39,"column":56}},{"start":{"line":39,"column":59},"end":{"line":39,"column":85}}]},"8":{"line":41,"type":"cond-expr","locations":[{"start":{"line":41,"column":24},"end":{"line":41,"column":46}},{"start":{"line":41,"column":49},"end":{"line":41,"column":53}}]},"9":{"line":43,"type":"if","locations":[{"start":{"line":43,"column":2},"end":{"line":43,"column":2}},{"start":{"line":43,"column":2},"end":{"line":43,"column":2}}]},"10":{"line":65,"type":"if","locations":[{"start":{"line":65,"column":6},"end":{"line":65,"column":6}},{"start":{"line":65,"column":6},"end":{"line":65,"column":6}}]},"11":{"line":87,"type":"cond-expr","locations":[{"start":{"line":87,"column":18},"end":{"line":87,"column":41}},{"start":{"line":87,"column":44},"end":{"line":87,"column":59}}]}}}}