TN:
SF:/Users/feliperohde/Desktop/workspace/s3-proxy/index.js
FN:7,(anonymous_1)
FN:22,(anonymous_2)
FN:86,(anonymous_3)
FNF:3
FNH:3
FNDA:27,(anonymous_1)
FNDA:16,(anonymous_2)
FNDA:16,(anonymous_3)
DA:1,1
DA:2,1
DA:3,1
DA:4,1
DA:6,1
DA:8,27
DA:9,1
DA:12,26
DA:13,1
DA:16,25
DA:17,25
DA:18,25
DA:19,25
DA:23,16
DA:31,16
DA:32,1
DA:35,15
DA:36,15
DA:37,15
DA:38,15
DA:39,15
DA:41,15
DA:43,15
DA:44,13
DA:47,15
DA:54,7
DA:56,8
DA:61,7
DA:63,7
DA:65,7
DA:66,6
DA:69,1
DA:72,7
DA:79,6
DA:80,1
DA:83,14
DA:87,16
LF:37
LH:37
BRDA:8,1,0,1
BRDA:8,1,1,26
BRDA:12,2,0,1
BRDA:12,2,1,25
BRDA:31,3,0,1
BRDA:31,3,1,15
BRDA:35,4,0,15
BRDA:35,4,1,13
BRDA:36,5,0,15
BRDA:36,5,1,2
BRDA:38,6,0,15
BRDA:38,6,1,0
BRDA:39,7,0,15
BRDA:39,7,1,0
BRDA:41,8,0,15
BRDA:41,8,1,0
BRDA:43,9,0,13
BRDA:43,9,1,2
BRDA:65,10,0,6
BRDA:65,10,1,1
BRDA:87,11,0,14
BRDA:87,11,1,2
BRF:22
BRH:19
end_of_record
